<?xml version="1.0" encoding="UTF-8"?>
<!-- Generated by org.testng.reporters.JUnitReportReporter -->
<testsuite hostname="LAPTOP-U35LVRD0" failures="0" tests="1" name="zoopla.uk.my.runner.MyRunner" time="20.907" errors="0" timestamp="2020-11-01T16:35:01 EST" skipped="0">
  <testcase classname="zoopla.uk.my.runner.MyRunner" name="feature" time="20.907"/>
  <system-out/>
</testsuite> <!-- zoopla.uk.my.runner.MyRunner -->
