<?xml version="1.0" encoding="UTF-8"?>
<!-- Generated by org.testng.reporters.JUnitReportReporter -->
<testsuite hostname="LAPTOP-U35LVRD0" failures="0" tests="1" name="zoopla.uk.my.runner.MyRunner" time="14.990" errors="0" timestamp="2020-11-01T17:42:58 EST" skipped="0">
  <testcase classname="zoopla.uk.my.runner.MyRunner" name="feature" time="14.990"/>
  <system-out/>
</testsuite> <!-- zoopla.uk.my.runner.MyRunner -->
