<?xml version="1.0" encoding="UTF-8"?>
<!-- Generated by org.testng.reporters.JUnitReportReporter -->
<testsuite skipped="0" hostname="Mohammeds-MBP.cable.rcn.com" name="zoopla.uk.my.runner.MyRunner" tests="2" failures="0" timestamp="2020-11-14T20:09:27 EST" time="21.305" errors="0">
  <testcase name="feature" time="15.835" classname="zoopla.uk.my.runner.MyRunner"/>
  <system-out/>
  <testcase name="feature" time="5.470" classname="zoopla.uk.my.runner.MyRunner"/>
  <system-out/>
</testsuite> <!-- zoopla.uk.my.runner.MyRunner -->
