<?xml version="1.0" encoding="UTF-8"?>
<!-- Generated by org.testng.reporters.JUnitReportReporter -->
<testsuite skipped="0" hostname="Mohammeds-MacBook-Pro.local" name="zoopla.uk.my.runner.MyRunner" tests="1" failures="0" timestamp="31 Oct 2020 20:49:13 GMT" time="0.113" errors="0">
  <testcase name="feature" time="0.113" classname="zoopla.uk.my.runner.MyRunner"/>
</testsuite> <!-- zoopla.uk.my.runner.MyRunner -->
